This is pdfTeX, Version 3.14159-14h-released-20010417 (Web2C 7.3.3.1) (format=pdflatex 2002.8.7)  16 JUN 2004 17:04
**expose_ben2.tex
(./expose_ben2.tex{/usr/share/texmf/pdftex/config/pdftex.cfg}
LaTeX2e <2000/06/01>
Babel <v3.7h> and hyphenation patterns for american, french, german, ngerman, i
talian, nohyphenation, loaded.
(/usr/share/texmf/tex/latex/seminar/seminar.cls
Document Class: seminar 1997/10/13, 1.4
Document Style: `seminar' v1.4 <1997/10/13> (tvz)
\slidewidth=\dimen102
\slideheight=\dimen103
\footheight=\dimen104
(/usr/share/texmf/tex/latex/base/article.cls
Document Class: article 2000/05/19 v1.4b Standard LaTeX document class
(/usr/share/texmf/tex/latex/base/size10.clo
File: size10.clo 2000/05/19 v1.4b Standard LaTeX file (size option)
)
\c@part=\count79
\c@section=\count80
\c@subsection=\count81
\c@subsubsection=\count82
\c@paragraph=\count83
\c@subparagraph=\count84
\c@figure=\count85
\c@table=\count86
\abovecaptionskip=\skip41
\belowcaptionskip=\skip42
\bibindent=\dimen105
)
(/usr/share/texmf/tex/latex/seminar/sem-page.sty)
\before@document=\toks14
\after@document=\toks15
\before@enddocument=\toks16
\c@slide=\count87
\slide@count=\count88
\@slidebox=\box26
\not@slidebox=\box27
\slide@hook=\toks17
\after@slide=\toks18
\slide@footins=\insert233
\slide@listdepth=\count89
\saved@specials=\box28
\before@newslide=\toks19
\after@slidepage=\toks20
\slidesep=\skip43
\c@note=\count90
\slideframewidth=\dimen106
\slideframesep=\dimen107
\semin=\dimen108
\semcm=\dimen109

(/usr/share/texmf/tex/latex/seminar/xcomment.sty
Style-Option: `xcomment' v1.2 <93/02/12> (tvz) 
\tokout=\write3
\tokin=\read1
)) (/usr/share/texmf/tex/latex/config/seminar.con)
(/usr/share/texmf/tex/generic/babel/babel.sty
Package: babel 2001/03/01 v3.7h The Babel package

(/usr/share/texmf/tex/generic/babel/frenchb.ldf
Language: french 2001/03/01 v1.5e French support from the babel system

(/usr/share/texmf/tex/generic/babel/babel.def
File: babel.def 2001/03/01 v3.7h Babel common definitions
\babel@savecnt=\count91
\U@D=\dimen110
)
Package babel Info: Making : an active character on input line 200.
Package babel Info: Making ; an active character on input line 201.
Package babel Info: Making ! an active character on input line 202.
Package babel Info: Making ? an active character on input line 203.

*************************************
* Local config file frenchb.cfg used
*
(/usr/share/texmf/tex/generic/babel/frenchb.cfg)))
(/usr/share/texmf/tex/latex/base/inputenc.sty
Package: inputenc 2000/07/01 v0.996 Input encoding file 

(/usr/share/texmf/tex/latex/base/latin1.def
File: latin1.def 2000/07/01 v0.996 Input encoding file 
))
(/usr/share/texmf/tex/latex/graphics/graphicx.sty
Package: graphicx 1999/02/16 v1.0f Enhanced LaTeX Graphics (DPC,SPQR)

(/usr/share/texmf/tex/latex/graphics/keyval.sty
Package: keyval 1999/03/16 v1.13 key=value parser (DPC)
\KV@toks@=\toks21
)
(/usr/share/texmf/tex/latex/graphics/graphics.sty
Package: graphics 1999/02/16 v1.0l Standard LaTeX Graphics (DPC,SPQR)

(/usr/share/texmf/tex/latex/graphics/trig.sty
Package: trig 1999/03/16 v1.09 sin cos tan (DPC)
)
(/usr/share/texmf/tex/latex/config/graphics.cfg)
Package graphics Info: Driver file: pdftex.def on input line 80.

(/usr/share/texmf/tex/latex/graphics/pdftex.def
File: pdftex.def 2000/06/16 v0.03a graphics/color for pdftex
\Gread@gobject=\count92
))
\Gin@req@height=\dimen111
\Gin@req@width=\dimen112
)
(/usr/share/texmf/tex/latex/amsfonts/euscript.sty
Package: euscript 1995/01/06 v2.2 Euler Script fonts
LaTeX Font Info:    Overwriting math alphabet `\EuScript' in version `bold'
(Font)                  U/eus/m/n --> U/eus/b/n on input line 47.
)
(/usr/share/texmf/tex/latex/amsfonts/amssymb.sty
Package: amssymb 1996/11/03 v2.2b

(/usr/share/texmf/tex/latex/amsfonts/amsfonts.sty
Package: amsfonts 1997/09/17 v2.2e
\@emptytoks=\toks22
\symAMSa=\mathgroup4
\symAMSb=\mathgroup5
LaTeX Font Info:    Overwriting math alphabet `\mathfrak' in version `bold'
(Font)                  U/euf/m/n --> U/euf/b/n on input line 133.
))
(/usr/share/texmf/tex/latex/tools/delarray.sty
Package: delarray 1994/03/14 v1.01 array delimiter package (DPC)

(/usr/share/texmf/tex/latex/tools/array.sty
Package: array 1998/05/13 v2.3m Tabular extension package (FMi)
\col@sep=\dimen113
\extrarowheight=\dimen114
\NC@list=\toks23
\extratabsurround=\skip44
\backup@length=\skip45
))
(/usr/share/texmf/tex/latex/amsmath/amsmath.sty
Package: amsmath 2000/07/18 v2.13 AMS math features
\@mathmargin=\skip46

For additional information on amsmath, use the `?' option.
(/usr/share/texmf/tex/latex/amsmath/amstext.sty
Package: amstext 2000/06/29 v2.01

(/usr/share/texmf/tex/latex/amsmath/amsgen.sty
File: amsgen.sty 1999/11/30 v2.0
\@emptytoks=\toks24
\ex@=\dimen115
))
(/usr/share/texmf/tex/latex/amsmath/amsbsy.sty
Package: amsbsy 1999/11/29 v1.2d
\pmbraise@=\dimen116
)
(/usr/share/texmf/tex/latex/amsmath/amsopn.sty
Package: amsopn 1999/12/14 v2.01 operator names
)
\inf@bad=\count93
LaTeX Info: Redefining \frac on input line 211.
\uproot@=\count94
\leftroot@=\count95
LaTeX Info: Redefining \overline on input line 307.
\classnum@=\count96
\DOTSCASE@=\count97
LaTeX Info: Redefining \ldots on input line 379.
LaTeX Info: Redefining \dots on input line 382.
LaTeX Info: Redefining \cdots on input line 467.
\Mathstrutbox@=\box29
\strutbox@=\box30
\big@size=\dimen117
LaTeX Font Info:    Redeclaring font encoding OML on input line 567.
LaTeX Font Info:    Redeclaring font encoding OMS on input line 568.
\macc@depth=\count98
\c@MaxMatrixCols=\count99
\dotsspace@=\muskip10
\c@parentequation=\count100
\dspbrk@lvl=\count101
\tag@help=\toks25
\row@=\count102
\column@=\count103
\maxfields@=\count104
\andhelp@=\toks26
\eqnshift@=\dimen118
\alignsep@=\dimen119
\tagshift@=\dimen120
\tagwidth@=\dimen121
\totwidth@=\dimen122
\lineht@=\dimen123
\@envbody=\toks27
\multlinegap=\skip47
\multlinetaggap=\skip48
\mathdisplay@stack=\toks28
LaTeX Info: Redefining \[ on input line 2666.
LaTeX Info: Redefining \] on input line 2667.
)
(/usr/share/texmf/tex/latex/graphics/epsfig.sty
Package: epsfig 1999/02/16 v1.7a (e)psfig emulation (SPQR)
\epsfxsize=\dimen124
\epsfysize=\dimen125
)
(/usr/share/texmf/tex/latex/misc/changebar.sty
Package: changebar 1999/06/18 v3.3i Indicate changes with marginal bars
\cb@nextpoint=\count105
\cb@topleft=\count106
\cb@topright=\count107
\cb@botleft=\count108
\cb@botright=\count109
\cb@curbarwd=\dimen126
\cb@page=\count110
\cb@pagecount=\count111
\cb@odd@left=\dimen127
\cb@odd@right=\dimen128
\cb@even@left=\dimen129
\cb@even@right=\dimen130
\changebarwidth=\skip49
\deletebarwidth=\skip50
\changebarsep=\skip51
\c@changebargrey=\count112
\cb@write=\write4
\cb@read=\read2
\openout4 = `expose_ben2.cb'.

)
\c@theo=\count113
\c@lem=\count114
\c@prop=\count115
 (./expose_ben2.aux)
\openout1 = `expose_ben2.aux'.

LaTeX Font Info:    Checking defaults for OML/cmm/m/it on input line 116.
LaTeX Font Info:    ... okay on input line 116.
LaTeX Font Info:    Checking defaults for T1/cmr/m/n on input line 116.
LaTeX Font Info:    ... okay on input line 116.
LaTeX Font Info:    Checking defaults for OT1/cmr/m/n on input line 116.
LaTeX Font Info:    ... okay on input line 116.
LaTeX Font Info:    Checking defaults for OMS/cmsy/m/n on input line 116.
LaTeX Font Info:    ... okay on input line 116.
LaTeX Font Info:    Checking defaults for OMX/cmex/m/n on input line 116.
LaTeX Font Info:    ... okay on input line 116.
LaTeX Font Info:    Checking defaults for U/cmr/m/n on input line 116.
LaTeX Font Info:    ... okay on input line 116.
LaTeX Font Info:    Checking defaults for OT2/wncyr/m/n on input line 116.
LaTeX Font Info:    Try loading font information for OT2+wncyr on input line 11
6.

(/usr/share/texmf/tex/latex/cyrillic/ot2wncyr.fd
File: ot2wncyr.fd 1999/12/17 v3.2a Computer Modern Cyrillic font definitions
)
LaTeX Font Info:    ... okay on input line 116.


Package frenchb.ldf Warning: *** \captionsfrancais is no longer defined, please

(frenchb.ldf)                use \captionsfrench instead. on input line 116.

LaTeX Info: Redefining \dots on input line 116.
(/usr/share/texmf/tex/context/base/supp-pdf.tex
(/usr/share/texmf/tex/context/base/supp-mis.tex
loading : Context Support Macros / Missing
\protectiondepth=\count116
\scratchcounter=\count117
\scratchtoks=\toks29
\scratchdimen=\dimen131
\scratchskip=\skip52
\scratchmuskip=\muskip11
\scratchbox=\box31
\scratchread=\read3
\scratchwrite=\write5
\zeropoint=\dimen132
\nextbox=\box32
\nextdepth=\dimen133
\everyline=\toks30
\!!counta=\count118
\!!countb=\count119
\recursecounter=\count120
)
loading : Context Support Macros / PDF
\nofMPsegments=\count121
\nofMParguments=\count122
\everyMPtoPDFconversion=\toks31
)
\openout3 = `expose_ben2.tmp'.

 [1


Non-PDF special ignored!

{/usr/share/texmf/dvips/config/pdftex.map}]
\openout3 = `expose_ben2.tmp'.

 [2

]
\openout3 = `expose_ben2.tmp'.


[3

]
\openout3 = `expose_ben2.tmp'.

LaTeX Font Info:    Try loading font information for U+msa on input line 152.
 (/usr/share/texmf/tex/latex/amsfonts/umsa.fd
File: umsa.fd 1995/01/05 v2.2e AMS font definitions
)
LaTeX Font Info:    Try loading font information for U+msb on input line 152.

(/usr/share/texmf/tex/latex/amsfonts/umsb.fd
File: umsb.fd 1995/01/05 v2.2e AMS font definitions
) [4

]
\openout3 = `expose_ben2.tmp'.

 [5

]
\openout3 = `expose_ben2.tmp'.

 [6

]
\openout3 = `expose_ben2.tmp'.

 [7

]
\openout3 = `expose_ben2.tmp'.



LaTeX Warning: Slide 8 overfull by 8.84775pt on input line 232.

[8

]
\openout3 = `expose_ben2.tmp'.

 [9

]
\openout3 = `expose_ben2.tmp'.

 [10

]
\openout3 = `expose_ben2.tmp'.

 [11

]
\openout3 = `expose_ben2.tmp'.

 [12

]
\openout3 = `expose_ben2.tmp'.

 [13

]
\openout3 = `expose_ben2.tmp'.

 [14

]
\openout3 = `expose_ben2.tmp'.

 [15

]
\openout3 = `expose_ben2.tmp'.

 [16

]
\openout3 = `expose_ben2.tmp'.

 [17

]
\openout3 = `expose_ben2.tmp'.

 [18

]
\openout3 = `expose_ben2.tmp'.

 [19

]
\openout3 = `expose_ben2.tmp'.

 [20

]
\openout3 = `expose_ben2.tmp'.

 [21

]
\openout3 = `expose_ben2.tmp'.

 [22

]
(./expose_ben2.aux) ) 
Here is how much of TeX's memory you used:
 2867 strings out of 50460
 33412 string characters out of 690586
 90428 words of memory out of 1500001
 5824 multiletter control sequences out of 10000+25000
 6291 words of font info for 25 fonts, out of 400000 for 1000
 14 hyphenation exceptions out of 10000
 29i,6n,24p,354b,396s stack positions out of 3000i,500n,3000p,50000b,5000s
</usr/share/texmf/fonts/type1/bluesky/cm/cmr5.pfb></usr/sh
are/texmf/fonts/type1/bluesky/cm/cmmi5.pfb></usr/share/texmf/fonts/type1/bluesk
y/cm/cmex10.pfb></usr/share/texmf/fonts/type1/bluesky/cm/cmti10.pfb></usr/share
/texmf/fonts/type1/bluesky/symbols/msbm10.pfb></usr/share/texmf/fonts/type1/blu
esky/cm/cmex10.pfb></usr/share/texmf/fonts/type1/bluesky/cm/cmsy7.pfb></usr/sha
re/texmf/fonts/type1/bluesky/cm/cmsy10.pfb></usr/share/texmf/fonts/type1/bluesk
y/cm/cmmi7.pfb></usr/share/texmf/fonts/type1/bluesky/cm/cmmi10.pfb></usr/share/
texmf/fonts/type1/bluesky/cm/cmr7.pfb></usr/share/texmf/fonts/type1/bluesky/cm/
cmr10.pfb></usr/share/texmf/fonts/type1/bluesky/cm/cmbx10.pfb>
Output written on expose_ben2.pdf (22 pages, 111967 bytes).
